<?xml version="1.0" encoding="UTF-8"?>
<testsuite xmlns:xsi="http://www.w3.org/2001/XMLSchema-instance" xsi:noNamespaceSchemaLocation="https://maven.apache.org/surefire/maven-surefire-plugin/xsd/surefire-test-report.xsd" version="3.0.2" name="com.medcurekashmir.medcurekashmir.MedcurekashmirApplicationTests" time="11.125" tests="1" errors="0" skipped="0" failures="0">
  <properties>
[...]
</properties>
  <testcase name="contextLoads" classname="com.medcurekashmir.medcurekashmir.MedcurekashmirApplicationTests" time="0.654">
    <system-out><![CDATA[21:38:52.966 [main] INFO org.springframework.test.context.support.AnnotationConfigContextLoaderUtils -- Could not detect default configuration classes for test class [com.medcurekashmir.medcurekashmir.MedcurekashmirApplicationTests]: MedcurekashmirApplicationTests does not declare any static, non-private, non-final, nested classes annotated with @Configuration.
21:38:53.166 [main] INFO org.springframework.boot.test.context.SpringBootTestContextBootstrapper -- Found @SpringBootConfiguration com.medcurekashmir.medcurekashmir.MedcurekashmirApplication for test class com.medcurekashmir.medcurekashmir.MedcurekashmirApplicationTests

  .   ____          _            __ _ _
 /\\ / ___'_ __ _ _(_)_ __  __ _ \ \ \ \
( ( )\___ | '_ | '_| | '_ \/ _` | \ \ \ \
 \\/  ___)| |_)| | | | | || (_| |  ) ) ) )
  '  |____| .__|_| |_|_| |_\__, | / / / /
 =========|_|==============|___/=/_/_/_/

 :: Spring Boot ::               (v3.5.11)

2026-03-06T21:38:53.872+05:30  INFO 2329 --- [medcurekashmir] [           main] c.m.m.MedcurekashmirApplicationTests     : Starting MedcurekashmirApplicationTests using Java 17.0.15 with PID 2329 (started by abc in /Users/abc/Documents/medcurekashmir)
2026-03-06T21:38:53.875+05:30  INFO 2329 --- [medcurekashmir] [           main] c.m.m.MedcurekashmirApplicationTests     : No active profile set, falling back to 1 default profile: "default"
2026-03-06T21:38:54.713+05:30  INFO 2329 --- [medcurekashmir] [           main] .s.d.r.c.RepositoryConfigurationDelegate : Bootstrapping Spring Data JPA repositories in DEFAULT mode.
2026-03-06T21:38:54.821+05:30  INFO 2329 --- [medcurekashmir] [           main] .s.d.r.c.RepositoryConfigurationDelegate : Finished Spring Data repository scanning in 92 ms. Found 8 JPA repository interfaces.
2026-03-06T21:38:55.946+05:30  INFO 2329 --- [medcurekashmir] [           main] o.hibernate.jpa.internal.util.LogHelper  : HHH000204: Processing PersistenceUnitInfo [name: default]
2026-03-06T21:38:56.059+05:30  INFO 2329 --- [medcurekashmir] [           main] org.hibernate.Version                    : HHH000412: Hibernate ORM core version 6.6.42.Final
2026-03-06T21:38:56.123+05:30  INFO 2329 --- [medcurekashmir] [           main] o.h.c.internal.RegionFactoryInitiator    : HHH000026: Second-level cache disabled
2026-03-06T21:38:56.650+05:30  INFO 2329 --- [medcurekashmir] [           main] o.s.o.j.p.SpringPersistenceUnitInfo      : No LoadTimeWeaver setup: ignoring JPA class transformer
2026-03-06T21:38:56.703+05:30  INFO 2329 --- [medcurekashmir] [           main] com.zaxxer.hikari.HikariDataSource       : HikariPool-1 - Starting...
2026-03-06T21:38:57.120+05:30  INFO 2329 --- [medcurekashmir] [           main] com.zaxxer.hikari.pool.HikariPool        : HikariPool-1 - Added connection org.postgresql.jdbc.PgConnection@4afdfc0f
2026-03-06T21:38:57.123+05:30  INFO 2329 --- [medcurekashmir] [           main] com.zaxxer.hikari.HikariDataSource       : HikariPool-1 - Start completed.
2026-03-06T21:38:57.175+05:30  WARN 2329 --- [medcurekashmir] [           main] org.hibernate.orm.deprecation            : HHH90000025: PostgreSQLDialect does not need to be specified explicitly using 'hibernate.dialect' (remove the property setting and it will be selected by default)
2026-03-06T21:38:57.212+05:30  INFO 2329 --- [medcurekashmir] [           main] org.hibernate.orm.connections.pooling    : HHH10001005: Database info:
	Database JDBC URL [Connecting through datasource 'HikariDataSource (HikariPool-1)']
	Database driver: undefined/unknown
	Database version: 17.5
	Autocommit mode: undefined/unknown
	Isolation level: undefined/unknown
	Minimum pool size: undefined/unknown
	Maximum pool size: undefined/unknown
2026-03-06T21:38:59.004+05:30  INFO 2329 --- [medcurekashmir] [           main] o.h.e.t.j.p.i.JtaPlatformInitiator       : HHH000489: No JTA platform available (set 'hibernate.transaction.jta.platform' to enable JTA platform integration)
2026-03-06T21:38:59.287+05:30  INFO 2329 --- [medcurekashmir] [           main] j.LocalContainerEntityManagerFactoryBean : Initialized JPA EntityManagerFactory for persistence unit 'default'
2026-03-06T21:38:59.883+05:30  INFO 2329 --- [medcurekashmir] [           main] o.s.d.j.r.query.QueryEnhancerFactory     : Hibernate is in classpath; If applicable, HQL parser will be used.
2026-03-06T21:39:01.947+05:30  WARN 2329 --- [medcurekashmir] [           main] JpaBaseConfiguration$JpaWebConfiguration : spring.jpa.open-in-view is enabled by default. Therefore, database queries may be performed during view rendering. Explicitly configure spring.jpa.open-in-view to disable this warning
2026-03-06T21:39:02.655+05:30  INFO 2329 --- [medcurekashmir] [           main] o.s.m.s.b.SimpleBrokerMessageHandler     : Starting...
2026-03-06T21:39:02.656+05:30  INFO 2329 --- [medcurekashmir] [           main] o.s.m.s.b.SimpleBrokerMessageHandler     : BrokerAvailabilityEvent[available=true, SimpleBrokerMessageHandler [org.springframework.messaging.simp.broker.DefaultSubscriptionRegistry@3eacf08e]]
2026-03-06T21:39:02.657+05:30  INFO 2329 --- [medcurekashmir] [           main] o.s.m.s.b.SimpleBrokerMessageHandler     : Started.
2026-03-06T21:39:02.672+05:30  INFO 2329 --- [medcurekashmir] [           main] c.m.m.MedcurekashmirApplicationTests     : Started MedcurekashmirApplicationTests in 9.274 seconds (process running for 10.873)
Running Doctor District/State Migration...
Hibernate: 
    select
        d1_0.id,
        d1_0.area,
        d1_0.available,
        d1_0.city,
        d1_0.clinic_address,
        d1_0.consultation_fee,
        d1_0.district,
        d1_0.email,
        d1_0.experience,
        d1_0.image,
        d1_0.joining_date,
        d1_0.latitude,
        d1_0.longitude,
        d1_0.name,
        d1_0.phone,
        d1_0.qualification,
        d1_0.specialization_id,
        d1_0.state,
        d1_0.user_id,
        d1_0.years_of_experience 
    from
        doctors d1_0
Doctor District/State Migration completed. Updated 0 doctors.
Hibernate: 
    select
        u1_0.id,
        u1_0.created_at,
        u1_0.email,
        u1_0.is_active,
        u1_0.last_login,
        u1_0.name,
        u1_0.password,
        u1_0.phone,
        u1_0.role,
        u1_0.updated_at 
    from
        users u1_0 
    where
        u1_0.email=?
Hibernate: 
    select
        a1_0.id,
        a1_0.created_at,
        a1_0.is_super_admin,
        a1_0.permissions,
        a1_0.updated_at,
        a1_0.user_id 
    from
        admins a1_0 
    where
        a1_0.user_id=?
Hibernate: 
    select
        d1_0.id,
        d1_0.area,
        d1_0.available,
        d1_0.city,
        d1_0.clinic_address,
        d1_0.consultation_fee,
        d1_0.district,
        d1_0.email,
        d1_0.experience,
        d1_0.image,
        d1_0.joining_date,
        d1_0.latitude,
        d1_0.longitude,
        d1_0.name,
        d1_0.phone,
        d1_0.qualification,
        d1_0.specialization_id,
        d1_0.state,
        d1_0.user_id,
        d1_0.years_of_experience 
    from
        doctors d1_0 
    where
        d1_0.user_id=?
Hibernate: 
    select
        p1_0.id,
        p1_0.address,
        p1_0.age,
        p1_0.blood_group,
        p1_0.email,
        p1_0.gender,
        p1_0.name,
        p1_0.password,
        p1_0.phone,
        p1_0.registration_date 
    from
        patients p1_0 
    where
        p1_0.phone=?
Hibernate: 
    select
        s1_0.id,
        s1_0.description,
        s1_0.name 
    from
        specializations s1_0 
    where
        s1_0.name=?
Hibernate: 
    select
        s1_0.id,
        s1_0.description,
        s1_0.name 
    from
        specializations s1_0 
    where
        s1_0.name=?
Hibernate: 
    select
        s1_0.id,
        s1_0.description,
        s1_0.name 
    from
        specializations s1_0 
    where
        s1_0.name=?
Hibernate: 
    select
        s1_0.id,
        s1_0.description,
        s1_0.name 
    from
        specializations s1_0 
    where
        s1_0.name=?
Hibernate: 
    select
        s1_0.id,
        s1_0.description,
        s1_0.name 
    from
        specializations s1_0 
    where
        s1_0.name=?
Hibernate: 
    select
        s1_0.id,
        s1_0.description,
        s1_0.name 
    from
        specializations s1_0 
    where
        s1_0.name=?
Hibernate: 
    select
        d1_0.id,
        d1_0.area,
        d1_0.available,
        d1_0.city,
        d1_0.clinic_address,
        d1_0.consultation_fee,
        d1_0.district,
        d1_0.email,
        d1_0.experience,
        d1_0.image,
        d1_0.joining_date,
        d1_0.latitude,
        d1_0.longitude,
        d1_0.name,
        d1_0.phone,
        d1_0.qualification,
        d1_0.specialization_id,
        d1_0.state,
        d1_0.user_id,
        d1_0.years_of_experience 
    from
        doctors d1_0 
    where
        d1_0.email=?
Hibernate: 
    select
        d1_0.id,
        d1_0.area,
        d1_0.available,
        d1_0.city,
        d1_0.clinic_address,
        d1_0.consultation_fee,
        d1_0.district,
        d1_0.email,
        d1_0.experience,
        d1_0.image,
        d1_0.joining_date,
        d1_0.latitude,
        d1_0.longitude,
        d1_0.name,
        d1_0.phone,
        d1_0.qualification,
        d1_0.specialization_id,
        d1_0.state,
        d1_0.user_id,
        d1_0.years_of_experience 
    from
        doctors d1_0 
    where
        d1_0.email=?
Hibernate: 
    select
        d1_0.id,
        d1_0.area,
        d1_0.available,
        d1_0.city,
        d1_0.clinic_address,
        d1_0.consultation_fee,
        d1_0.district,
        d1_0.email,
        d1_0.experience,
        d1_0.image,
        d1_0.joining_date,
        d1_0.latitude,
        d1_0.longitude,
        d1_0.name,
        d1_0.phone,
        d1_0.qualification,
        d1_0.specialization_id,
        d1_0.state,
        d1_0.user_id,
        d1_0.years_of_experience 
    from
        doctors d1_0 
    where
        d1_0.email=?
Hibernate: 
    select
        d1_0.id,
        d1_0.area,
        d1_0.available,
        d1_0.city,
        d1_0.clinic_address,
        d1_0.consultation_fee,
        d1_0.district,
        d1_0.email,
        d1_0.experience,
        d1_0.image,
        d1_0.joining_date,
        d1_0.latitude,
        d1_0.longitude,
        d1_0.name,
        d1_0.phone,
        d1_0.qualification,
        d1_0.specialization_id,
        d1_0.state,
        d1_0.user_id,
        d1_0.years_of_experience 
    from
        doctors d1_0 
    where
        d1_0.email=?
Hibernate: 
    select
        d1_0.id,
        d1_0.area,
        d1_0.available,
        d1_0.city,
        d1_0.clinic_address,
        d1_0.consultation_fee,
        d1_0.district,
        d1_0.email,
        d1_0.experience,
        d1_0.image,
        d1_0.joining_date,
        d1_0.latitude,
        d1_0.longitude,
        d1_0.name,
        d1_0.phone,
        d1_0.qualification,
        d1_0.specialization_id,
        d1_0.state,
        d1_0.user_id,
        d1_0.years_of_experience 
    from
        doctors d1_0 
    where
        d1_0.email=?
Hibernate: 
    select
        d1_0.id,
        d1_0.area,
        d1_0.available,
        d1_0.city,
        d1_0.clinic_address,
        d1_0.consultation_fee,
        d1_0.district,
        d1_0.email,
        d1_0.experience,
        d1_0.image,
        d1_0.joining_date,
        d1_0.latitude,
        d1_0.longitude,
        d1_0.name,
        d1_0.phone,
        d1_0.qualification,
        d1_0.specialization_id,
        d1_0.state,
        d1_0.user_id,
        d1_0.years_of_experience 
    from
        doctors d1_0 
    where
        d1_0.email=?
Hibernate: 
    select
        d1_0.id,
        d1_0.area,
        d1_0.available,
        d1_0.city,
        d1_0.clinic_address,
        d1_0.consultation_fee,
        d1_0.district,
        d1_0.email,
        d1_0.experience,
        d1_0.image,
        d1_0.joining_date,
        d1_0.latitude,
        d1_0.longitude,
        d1_0.name,
        d1_0.phone,
        d1_0.qualification,
        d1_0.specialization_id,
        d1_0.state,
        d1_0.user_id,
        d1_0.years_of_experience 
    from
        doctors d1_0 
    where
        d1_0.id=?
Hibernate: 
    insert 
    into
        doctor_availability
        (consultation_type, day_of_week, doctor_id, end_time, is_active, notes, slot_duration_minutes, start_time) 
    values
        (?, ?, ?, ?, ?, ?, ?, ?)
Hibernate: 
    insert 
    into
        doctor_availability
        (consultation_type, day_of_week, doctor_id, end_time, is_active, notes, slot_duration_minutes, start_time) 
    values
        (?, ?, ?, ?, ?, ?, ?, ?)
Hibernate: 
    insert 
    into
        doctor_availability
        (consultation_type, day_of_week, doctor_id, end_time, is_active, notes, slot_duration_minutes, start_time) 
    values
        (?, ?, ?, ?, ?, ?, ?, ?)
Hibernate: 
    insert 
    into
        doctor_availability
        (consultation_type, day_of_week, doctor_id, end_time, is_active, notes, slot_duration_minutes, start_time) 
    values
        (?, ?, ?, ?, ?, ?, ?, ?)
Hibernate: 
    insert 
    into
        doctor_availability
        (consultation_type, day_of_week, doctor_id, end_time, is_active, notes, slot_duration_minutes, start_time) 
    values
        (?, ?, ?, ?, ?, ?, ?, ?)
Hibernate: 
    insert 
    into
        doctor_availability
        (consultation_type, day_of_week, doctor_id, end_time, is_active, notes, slot_duration_minutes, start_time) 
    values
        (?, ?, ?, ?, ?, ?, ?, ?)
Hibernate: 
    insert 
    into
        doctor_availability
        (consultation_type, day_of_week, doctor_id, end_time, is_active, notes, slot_duration_minutes, start_time) 
    values
        (?, ?, ?, ?, ?, ?, ?, ?)
Hibernate: 
    insert 
    into
        doctor_availability
        (consultation_type, day_of_week, doctor_id, end_time, is_active, notes, slot_duration_minutes, start_time) 
    values
        (?, ?, ?, ?, ?, ?, ?, ?)
Hibernate: 
    insert 
    into
        doctor_availability
        (consultation_type, day_of_week, doctor_id, end_time, is_active, notes, slot_duration_minutes, start_time) 
    values
        (?, ?, ?, ?, ?, ?, ?, ?)
Hibernate: 
    insert 
    into
        doctor_availability
        (consultation_type, day_of_week, doctor_id, end_time, is_active, notes, slot_duration_minutes, start_time) 
    values
        (?, ?, ?, ?, ?, ?, ?, ?)
Hibernate: 
    insert 
    into
        doctor_availability
        (consultation_type, day_of_week, doctor_id, end_time, is_active, notes, slot_duration_minutes, start_time) 
    values
        (?, ?, ?, ?, ?, ?, ?, ?)
Hibernate: 
    insert 
    into
        doctor_availability
        (consultation_type, day_of_week, doctor_id, end_time, is_active, notes, slot_duration_minutes, start_time) 
    values
        (?, ?, ?, ?, ?, ?, ?, ?)
Hibernate: 
    insert 
    into
        doctor_availability
        (consultation_type, day_of_week, doctor_id, end_time, is_active, notes, slot_duration_minutes, start_time) 
    values
        (?, ?, ?, ?, ?, ?, ?, ?)
Hibernate: 
    insert 
    into
        doctor_availability
        (consultation_type, day_of_week, doctor_id, end_time, is_active, notes, slot_duration_minutes, start_time) 
    values
        (?, ?, ?, ?, ?, ?, ?, ?)
]]></system-out>
  </testcase>
</testsuite>